<?xml version="1.0" encoding="UTF-8"?>
<testsuite name="org.wells.SectorServiceTest" time="0.612" tests="4" errors="0" skipped="0" failures="0">
  <properties>
[...]
</properties>
  <testcase name="retrieveSectorCompaniesAvgPrice_whenSectorIdProvided" classname="org.wells.SectorServiceTest" time="0.139"/>
  <testcase name="whenSectorIdProvided_thenRetrievedSectorDetails" classname="org.wells.SectorServiceTest" time="0.147"/>
  <testcase name="retrieveSectors" classname="org.wells.SectorServiceTest" time="0.068"/>
  <testcase name="whenNameProvided_thenCreateSector" classname="org.wells.SectorServiceTest" time="0.258"/>
</testsuite>